<?xml version="1.0" encoding="UTF-8"?>
<testsuite name="ParkingLotTest" tests="5" skipped="0" failures="0" errors="0" timestamp="2023-02-16T19:24:47" hostname="Atuls-MBP.bbrouter" time="0.028">
  <properties/>
  <testcase name="Should add 100 slots to parking lot()" classname="ParkingLotTest" time="0.019"/>
  <testcase name="Should return free slotNumber if slot is not occupied()" classname="ParkingLotTest" time="0.001"/>
  <testcase name="Should return 3 as free slotNumber for parking if slotNumber 1 an 2 are occupied()" classname="ParkingLotTest" time="0.004"/>
  <testcase name="Should generate ticket if vehicle parking is done()" classname="ParkingLotTest" time="0.002"/>
  <testcase name="Should add 50 slots to parking lot()" classname="ParkingLotTest" time="0.001"/>
  <system-out><![CDATA[Ticket(Id=3, spotNumber=1, entryDateTime=2023-02-17T00:54:47.156308)]]></system-out>
  <system-err><![CDATA[]]></system-err>
</testsuite>
